<?xml version="1.0" encoding="UTF-8"?>
<testsuite xmlns:xsi="http://www.w3.org/2001/XMLSchema-instance" xsi:noNamespaceSchemaLocation="https://maven.apache.org/surefire/maven-surefire-plugin/xsd/surefire-test-report.xsd" name="ull.es.RecommendationRunnerTest" time="0.164" tests="4" errors="0" skipped="0" failures="0">
  <properties>
    <property name="sun.desktop" value="windows"/>
    <property name="awt.toolkit" value="sun.awt.windows.WToolkit"/>
    <property name="java.specification.version" value="11"/>
    <property name="sun.cpu.isalist" value="amd64"/>
    <property name="sun.jnu.encoding" value="Cp1252"/>
    <property name="java.class.path" value="C:\Users\JORGE\git\RecomendadorFinal\target\test-classes;C:\Users\JORGE\git\RecomendadorFinal\target\classes;C:\Users\JORGE\.m2\repository\junit\junit\4.11\junit-4.11.jar;C:\Users\JORGE\.m2\repository\org\hamcrest\hamcrest-core\1.3\hamcrest-core-1.3.jar;C:\Users\JORGE\.m2\repository\org\apache\commons\commons-lang3\3.1\commons-lang3-3.1.jar;C:\Users\JORGE\.m2\repository\org\apache\commons\commons-csv\1.9.0\commons-csv-1.9.0.jar;C:\Users\JORGE\.m2\repository\edu\duke\cs\ospreyservice\0.2\ospreyservice-0.2.jar;C:\Users\JORGE\.m2\repository\io\ktor\ktor-server-netty\1.3.0\ktor-server-netty-1.3.0.jar;C:\Users\JORGE\.m2\repository\org\jetbrains\kotlin\kotlin-stdlib\1.3.61\kotlin-stdlib-1.3.61.jar;C:\Users\JORGE\.m2\repository\org\jetbrains\kotlin\kotlin-stdlib-common\1.3.61\kotlin-stdlib-common-1.3.61.jar;C:\Users\JORGE\.m2\repository\org\jetbrains\annotations\13.0\annotations-13.0.jar;C:\Users\JORGE\.m2\repository\org\jetbrains\kotlin\kotlin-stdlib-jdk7\1.3.61\kotlin-stdlib-jdk7-1.3.61.jar;C:\Users\JORGE\.m2\repository\org\jetbrains\kotlinx\atomicfu\0.14.1\atomicfu-0.14.1.jar;C:\Users\JORGE\.m2\repository\org\slf4j\slf4j-api\1.7.26\slf4j-api-1.7.26.jar;C:\Users\JORGE\.m2\repository\org\jetbrains\kotlinx\kotlinx-coroutines-jdk8\1.3.3\kotlinx-coroutines-jdk8-1.3.3.jar;C:\Users\JORGE\.m2\repository\org\jetbrains\kotlinx\kotlinx-coroutines-core\1.3.3\kotlinx-coroutines-core-1.3.3.jar;C:\Users\JORGE\.m2\repository\io\ktor\ktor-server-host-common\1.3.0\ktor-server-host-common-1.3.0.jar;C:\Users\JORGE\.m2\repository\io\ktor\ktor-http-cio-jvm\1.3.0\ktor-http-cio-jvm-1.3.0.jar;C:\Users\JORGE\.m2\repository\io\ktor\ktor-network\1.3.0\ktor-network-1.3.0.jar;C:\Users\JORGE\.m2\repository\org\jetbrains\kotlinx\kotlinx-coroutines-core-common\1.3.3\kotlinx-coroutines-core-common-1.3.3.jar;C:\Users\JORGE\.m2\repository\io\netty\netty-codec-http2\4.1.43.Final\netty-codec-http2-4.1.43.Final.jar;C:\Users\JORGE\.m2\repository\io\netty\netty-common\4.1.43.Final\netty-common-4.1.43.Final.jar;C:\Users\JORGE\.m2\repository\io\netty\netty-buffer\4.1.43.Final\netty-buffer-4.1.43.Final.jar;C:\Users\JORGE\.m2\repository\io\netty\netty-transport\4.1.43.Final\netty-transport-4.1.43.Final.jar;C:\Users\JORGE\.m2\repository\io\netty\netty-resolver\4.1.43.Final\netty-resolver-4.1.43.Final.jar;C:\Users\JORGE\.m2\repository\io\netty\netty-codec\4.1.43.Final\netty-codec-4.1.43.Final.jar;C:\Users\JORGE\.m2\repository\io\netty\netty-handler\4.1.43.Final\netty-handler-4.1.43.Final.jar;C:\Users\JORGE\.m2\repository\io\netty\netty-codec-http\4.1.43.Final\netty-codec-http-4.1.43.Final.jar;C:\Users\JORGE\.m2\repository\org\eclipse\jetty\alpn\alpn-api\1.1.3.v20160715\alpn-api-1.1.3.v20160715.jar;C:\Users\JORGE\.m2\repository\io\netty\netty-transport-native-kqueue\4.1.43.Final\netty-transport-native-kqueue-4.1.43.Final.jar;C:\Users\JORGE\.m2\repository\io\netty\netty-transport-native-unix-common\4.1.43.Final\netty-transport-native-unix-common-4.1.43.Final.jar;C:\Users\JORGE\.m2\repository\io\netty\netty-transport-native-epoll\4.1.43.Final\netty-transport-native-epoll-4.1.43.Final.jar;C:\Users\JORGE\.m2\repository\org\jetbrains\kotlin\kotlin-stdlib-jdk8\1.3.60\kotlin-stdlib-jdk8-1.3.60.jar;C:\Users\JORGE\.m2\repository\ch\qos\logback\logback-classic\1.2.3\logback-classic-1.2.3.jar;C:\Users\JORGE\.m2\repository\ch\qos\logback\logback-core\1.2.3\logback-core-1.2.3.jar;C:\Users\JORGE\.m2\repository\io\ktor\ktor-serialization\1.3.0\ktor-serialization-1.3.0.jar;C:\Users\JORGE\.m2\repository\org\jetbrains\kotlinx\kotlinx-serialization-runtime\0.14.0\kotlinx-serialization-runtime-0.14.0.jar;C:\Users\JORGE\.m2\repository\io\ktor\ktor-server-core\1.3.0\ktor-server-core-1.3.0.jar;C:\Users\JORGE\.m2\repository\io\ktor\ktor-utils-jvm\1.3.0\ktor-utils-jvm-1.3.0.jar;C:\Users\JORGE\.m2\repository\io\ktor\ktor-io-jvm\1.3.0\ktor-io-jvm-1.3.0.jar;C:\Users\JORGE\.m2\repository\io\ktor\ktor-http-jvm\1.3.0\ktor-http-jvm-1.3.0.jar;C:\Users\JORGE\.m2\repository\com\typesafe\config\1.3.1\config-1.3.1.jar;C:\Users\JORGE\.m2\repository\org\jetbrains\kotlin\kotlin-reflect\1.3.61\kotlin-reflect-1.3.61.jar;C:\Users\JORGE\.m2\repository\org\junit\jupiter\junit-jupiter-api\5.7.2\junit-jupiter-api-5.7.2.jar;C:\Users\JORGE\.m2\repository\org\apiguardian\apiguardian-api\1.1.0\apiguardian-api-1.1.0.jar;C:\Users\JORGE\.m2\repository\org\opentest4j\opentest4j\1.2.0\opentest4j-1.2.0.jar;C:\Users\JORGE\.m2\repository\org\junit\platform\junit-platform-commons\1.7.2\junit-platform-commons-1.7.2.jar;C:\Users\JORGE\.m2\repository\org\junit\jupiter\junit-jupiter-engine\5.7.2\junit-jupiter-engine-5.7.2.jar;C:\Users\JORGE\.m2\repository\org\junit\platform\junit-platform-engine\1.7.2\junit-platform-engine-1.7.2.jar;"/>
    <property name="java.vm.vendor" value="Eclipse Adoptium"/>
    <property name="sun.arch.data.model" value="64"/>
    <property name="user.variant" value=""/>
    <property name="java.vendor.url" value="https://adoptium.net/"/>
    <property name="user.timezone" value="Europe/London"/>
    <property name="java.vm.specification.version" value="11"/>
    <property name="os.name" value="Windows 11"/>
    <property name="sun.java.launcher" value="SUN_STANDARD"/>
    <property name="user.country" value="ES"/>
    <property name="sun.boot.library.path" value="C:\Program Files\Eclipse Adoptium\jdk-11.0.16.101-hotspot\bin"/>
    <property name="sun.java.command" value="C:\Users\JORGE\AppData\Local\Temp\surefire1228846331967887995\surefirebooter11142651844041676997.jar C:\Users\JORGE\AppData\Local\Temp\surefire1228846331967887995 2023-01-10T21-44-22_615-jvmRun1 surefire15397742642752593775tmp surefire_05956728176039719680tmp"/>
    <property name="jdk.debug" value="release"/>
    <property name="surefire.test.class.path" value="C:\Users\JORGE\git\RecomendadorFinal\target\test-classes;C:\Users\JORGE\git\RecomendadorFinal\target\classes;C:\Users\JORGE\.m2\repository\junit\junit\4.11\junit-4.11.jar;C:\Users\JORGE\.m2\repository\org\hamcrest\hamcrest-core\1.3\hamcrest-core-1.3.jar;C:\Users\JORGE\.m2\repository\org\apache\commons\commons-lang3\3.1\commons-lang3-3.1.jar;C:\Users\JORGE\.m2\repository\org\apache\commons\commons-csv\1.9.0\commons-csv-1.9.0.jar;C:\Users\JORGE\.m2\repository\edu\duke\cs\ospreyservice\0.2\ospreyservice-0.2.jar;C:\Users\JORGE\.m2\repository\io\ktor\ktor-server-netty\1.3.0\ktor-server-netty-1.3.0.jar;C:\Users\JORGE\.m2\repository\org\jetbrains\kotlin\kotlin-stdlib\1.3.61\kotlin-stdlib-1.3.61.jar;C:\Users\JORGE\.m2\repository\org\jetbrains\kotlin\kotlin-stdlib-common\1.3.61\kotlin-stdlib-common-1.3.61.jar;C:\Users\JORGE\.m2\repository\org\jetbrains\annotations\13.0\annotations-13.0.jar;C:\Users\JORGE\.m2\repository\org\jetbrains\kotlin\kotlin-stdlib-jdk7\1.3.61\kotlin-stdlib-jdk7-1.3.61.jar;C:\Users\JORGE\.m2\repository\org\jetbrains\kotlinx\atomicfu\0.14.1\atomicfu-0.14.1.jar;C:\Users\JORGE\.m2\repository\org\slf4j\slf4j-api\1.7.26\slf4j-api-1.7.26.jar;C:\Users\JORGE\.m2\repository\org\jetbrains\kotlinx\kotlinx-coroutines-jdk8\1.3.3\kotlinx-coroutines-jdk8-1.3.3.jar;C:\Users\JORGE\.m2\repository\org\jetbrains\kotlinx\kotlinx-coroutines-core\1.3.3\kotlinx-coroutines-core-1.3.3.jar;C:\Users\JORGE\.m2\repository\io\ktor\ktor-server-host-common\1.3.0\ktor-server-host-common-1.3.0.jar;C:\Users\JORGE\.m2\repository\io\ktor\ktor-http-cio-jvm\1.3.0\ktor-http-cio-jvm-1.3.0.jar;C:\Users\JORGE\.m2\repository\io\ktor\ktor-network\1.3.0\ktor-network-1.3.0.jar;C:\Users\JORGE\.m2\repository\org\jetbrains\kotlinx\kotlinx-coroutines-core-common\1.3.3\kotlinx-coroutines-core-common-1.3.3.jar;C:\Users\JORGE\.m2\repository\io\netty\netty-codec-http2\4.1.43.Final\netty-codec-http2-4.1.43.Final.jar;C:\Users\JORGE\.m2\repository\io\netty\netty-common\4.1.43.Final\netty-common-4.1.43.Final.jar;C:\Users\JORGE\.m2\repository\io\netty\netty-buffer\4.1.43.Final\netty-buffer-4.1.43.Final.jar;C:\Users\JORGE\.m2\repository\io\netty\netty-transport\4.1.43.Final\netty-transport-4.1.43.Final.jar;C:\Users\JORGE\.m2\repository\io\netty\netty-resolver\4.1.43.Final\netty-resolver-4.1.43.Final.jar;C:\Users\JORGE\.m2\repository\io\netty\netty-codec\4.1.43.Final\netty-codec-4.1.43.Final.jar;C:\Users\JORGE\.m2\repository\io\netty\netty-handler\4.1.43.Final\netty-handler-4.1.43.Final.jar;C:\Users\JORGE\.m2\repository\io\netty\netty-codec-http\4.1.43.Final\netty-codec-http-4.1.43.Final.jar;C:\Users\JORGE\.m2\repository\org\eclipse\jetty\alpn\alpn-api\1.1.3.v20160715\alpn-api-1.1.3.v20160715.jar;C:\Users\JORGE\.m2\repository\io\netty\netty-transport-native-kqueue\4.1.43.Final\netty-transport-native-kqueue-4.1.43.Final.jar;C:\Users\JORGE\.m2\repository\io\netty\netty-transport-native-unix-common\4.1.43.Final\netty-transport-native-unix-common-4.1.43.Final.jar;C:\Users\JORGE\.m2\repository\io\netty\netty-transport-native-epoll\4.1.43.Final\netty-transport-native-epoll-4.1.43.Final.jar;C:\Users\JORGE\.m2\repository\org\jetbrains\kotlin\kotlin-stdlib-jdk8\1.3.60\kotlin-stdlib-jdk8-1.3.60.jar;C:\Users\JORGE\.m2\repository\ch\qos\logback\logback-classic\1.2.3\logback-classic-1.2.3.jar;C:\Users\JORGE\.m2\repository\ch\qos\logback\logback-core\1.2.3\logback-core-1.2.3.jar;C:\Users\JORGE\.m2\repository\io\ktor\ktor-serialization\1.3.0\ktor-serialization-1.3.0.jar;C:\Users\JORGE\.m2\repository\org\jetbrains\kotlinx\kotlinx-serialization-runtime\0.14.0\kotlinx-serialization-runtime-0.14.0.jar;C:\Users\JORGE\.m2\repository\io\ktor\ktor-server-core\1.3.0\ktor-server-core-1.3.0.jar;C:\Users\JORGE\.m2\repository\io\ktor\ktor-utils-jvm\1.3.0\ktor-utils-jvm-1.3.0.jar;C:\Users\JORGE\.m2\repository\io\ktor\ktor-io-jvm\1.3.0\ktor-io-jvm-1.3.0.jar;C:\Users\JORGE\.m2\repository\io\ktor\ktor-http-jvm\1.3.0\ktor-http-jvm-1.3.0.jar;C:\Users\JORGE\.m2\repository\com\typesafe\config\1.3.1\config-1.3.1.jar;C:\Users\JORGE\.m2\repository\org\jetbrains\kotlin\kotlin-reflect\1.3.61\kotlin-reflect-1.3.61.jar;C:\Users\JORGE\.m2\repository\org\junit\jupiter\junit-jupiter-api\5.7.2\junit-jupiter-api-5.7.2.jar;C:\Users\JORGE\.m2\repository\org\apiguardian\apiguardian-api\1.1.0\apiguardian-api-1.1.0.jar;C:\Users\JORGE\.m2\repository\org\opentest4j\opentest4j\1.2.0\opentest4j-1.2.0.jar;C:\Users\JORGE\.m2\repository\org\junit\platform\junit-platform-commons\1.7.2\junit-platform-commons-1.7.2.jar;C:\Users\JORGE\.m2\repository\org\junit\jupiter\junit-jupiter-engine\5.7.2\junit-jupiter-engine-5.7.2.jar;C:\Users\JORGE\.m2\repository\org\junit\platform\junit-platform-engine\1.7.2\junit-platform-engine-1.7.2.jar;"/>
    <property name="sun.cpu.endian" value="little"/>
    <property name="user.home" value="C:\Users\JORGE"/>
    <property name="user.language" value="es"/>
    <property name="java.specification.vendor" value="Oracle Corporation"/>
    <property name="java.version.date" value="2022-08-12"/>
    <property name="java.home" value="C:\Program Files\Eclipse Adoptium\jdk-11.0.16.101-hotspot"/>
    <property name="file.separator" value="\"/>
    <property name="basedir" value="C:\Users\JORGE\git\RecomendadorFinal"/>
    <property name="java.vm.compressedOopsMode" value="Zero based"/>
    <property name="line.separator" value="&#10;"/>
    <property name="java.specification.name" value="Java Platform API Specification"/>
    <property name="java.vm.specification.vendor" value="Oracle Corporation"/>
    <property name="java.awt.graphicsenv" value="sun.awt.Win32GraphicsEnvironment"/>
    <property name="surefire.real.class.path" value="C:\Users\JORGE\AppData\Local\Temp\surefire1228846331967887995\surefirebooter11142651844041676997.jar"/>
    <property name="user.script" value=""/>
    <property name="sun.management.compiler" value="HotSpot 64-Bit Tiered Compilers"/>
    <property name="java.runtime.version" value="11.0.16.1+1"/>
    <property name="user.name" value="JORGE"/>
    <property name="path.separator" value=";"/>
    <property name="os.version" value="10.0"/>
    <property name="java.runtime.name" value="OpenJDK Runtime Environment"/>
    <property name="file.encoding" value="Cp1252"/>
    <property name="java.vm.name" value="OpenJDK 64-Bit Server VM"/>
    <property name="java.vendor.version" value="Temurin-11.0.16.1+1"/>
    <property name="localRepository" value="C:\Users\JORGE\.m2\repository"/>
    <property name="java.vendor.url.bug" value="https://github.com/adoptium/adoptium-support/issues"/>
    <property name="java.io.tmpdir" value="C:\Users\JORGE\AppData\Local\Temp\"/>
    <property name="java.version" value="11.0.16.1"/>
    <property name="user.dir" value="C:\Users\JORGE\git\RecomendadorFinal"/>
    <property name="os.arch" value="amd64"/>
    <property name="java.vm.specification.name" value="Java Virtual Machine Specification"/>
    <property name="java.awt.printerjob" value="sun.awt.windows.WPrinterJob"/>
    <property name="sun.os.patch.level" value=""/>
    <property name="java.library.path" value="C:\Program Files\Eclipse Adoptium\jdk-11.0.16.101-hotspot\bin;C:\WINDOWS\Sun\Java\bin;C:\WINDOWS\system32;C:\WINDOWS;C:/Users/JORGE/.p2/pool/plugins/org.eclipse.justj.openjdk.hotspot.jre.full.win32.x86_64_17.0.4.v20221004-1257/jre/bin/server;C:/Users/JORGE/.p2/pool/plugins/org.eclipse.justj.openjdk.hotspot.jre.full.win32.x86_64_17.0.4.v20221004-1257/jre/bin;C:\Python311\Scripts\;C:\Python311\;C:\Program Files\Eclipse Adoptium\jdk-11.0.16.101-hotspot\bin;C:\Users\JORGE\Downloads\apache-maven-3.8.6-bin\apache-maven-3.8.6\bin;C:\Program Files\bin;C:\Program Files (x86)\Common Files\Oracle\Java\javapath;C:\Program Files (x86)\Razer Chroma SDK\bin;C:\Program Files\Razer Chroma SDK\bin;C:\Program Files (x86)\Razer\ChromaBroadcast\bin;C:\Program Files\Razer\ChromaBroadcast\bin;C:\Program Files (x86)\Common Files\Intel\Shared Libraries\redist\intel64\compiler;C:\Windows\system32;C:\Windows;C:\Windows\System32\Wbem;C:\Windows\System32\WindowsPowerShell\v1.0\;C:\Windows\System32\OpenSSH\;C:\Program Files (x86)\NVIDIA Corporation\PhysX\Common;C:\Users\JORGE\AppData\Local\Microsoft\WindowsApps;C:\Users\JORGE\.dotnet\tools;C:\Program Files\NVIDIA Corporation\NVIDIA NvDLISR;C:\WINDOWS\system32;C:\WINDOWS;C:\WINDOWS\System32\Wbem;C:\WINDOWS\System32\WindowsPowerShell\v1.0\;C:\WINDOWS\System32\OpenSSH\;C:\iverilog\gtkwave\bin\;C:\iverilog\bin\;C:\Program Files\AutoFirma\AutoFirma;C:\sonar\bin\windows-x86-64;C:\Program Files\Graphviz\bin;C:\Users\JORGE\Documents\ULL\CUARTO\LDYH\Doxygen\doxygen-1.9.5.windows.x64.bin;C:\Program Files\nodejs\;C:\ProgramData\chocolatey\bin;C:\Program Files\Git\cmd;C:\sonar\bin\windows-x86-64;C:\MinGW\bin;C:\sonarscanner\bin;C:\Program Files\Graphviz\bin;C:\Users\JORGE\Downloads\apache-maven-3.8.6-bin\apache-maven-3.8.6\bin;C:\Users\JORGE\AppData\Roaming\npm;C:\Program Files\JetBrains\IntelliJ IDEA Community Edition 2022.2.3\bin;;C:\Users\JORGE;C:\Users\JORGE\AppData\Local\GitHubDesktop\bin;C:\Program Files\Eclipse Adoptium\jdk-11.0.16.101-hotspot\bin;C:\Program Files\Eclipse Adoptium\jdk-11.0.16.101-hotspot\bin;;C:\WINDOWS\system32;;."/>
    <property name="java.vm.info" value="mixed mode"/>
    <property name="java.vendor" value="Eclipse Adoptium"/>
    <property name="java.vm.version" value="11.0.16.1+1"/>
    <property name="sun.io.unicode.encoding" value="UnicodeLittle"/>
    <property name="java.class.version" value="55.0"/>
  </properties>
  <testcase name="test" classname="ull.es.RecommendationRunnerTest$NullValueTest" time="0.128"/>
  <testcase name="test" classname="ull.es.RecommendationRunnerTest$PrintMethodTest" time="0.003"/>
  <testcase name="test" classname="ull.es.RecommendationRunnerTest$RecommendationRunner2" time="0.012"/>
  <testcase name="test" classname="ull.es.RecommendationRunnerTest$RecommendationRunnerTest1" time="0.002"/>
</testsuite>